#
# There is insufficient memory for the Java Runtime Environment to continue.
# Native memory allocation (malloc) failed to allocate 1116176 bytes for Chunk::new
# Possible reasons:
#   The system is out of physical RAM or swap space
#   The process is running with CompressedOops enabled, and the Java Heap may be blocking the growth of the native heap
# Possible solutions:
#   Reduce memory load on the system
#   Increase physical memory or swap space
#   Check if swap backing store is full
#   Decrease Java heap size (-Xmx/-Xms)
#   Decrease number of Java threads
#   Decrease Java thread stack sizes (-Xss)
#   Set larger code cache with -XX:ReservedCodeCacheSize=
#   JVM is running with Unscaled Compressed Oops mode in which the Java heap is
#     placed in the first 4GB address space. The Java Heap base address is the
#     maximum limit for the native heap growth. Please use -XX:HeapBaseMinAddress
#     to set the Java Heap base and to place the Java Heap above 4GB virtual address.
# This output file may be truncated or incomplete.
#
#  Out of Memory Error (allocation.cpp:389), pid=13800, tid=0x0000000000002838
#
# JRE version: OpenJDK Runtime Environment (8.0_202-b03) (build 1.8.0_202-release-1483-b03)
# Java VM: OpenJDK 64-Bit Server VM (25.202-b03 mixed mode windows-amd64 compressed oops)
# Failed to write core dump. Minidumps are not enabled by default on client versions of Windows
#

---------------  T H R E A D  ---------------

Current thread (0x000000001888d800):  JavaThread "C2 CompilerThread2" daemon [_thread_in_native, id=10296, stack(0x0000000019d80000,0x0000000019e80000)]

Stack: [0x0000000019d80000,0x0000000019e80000]
[error occurred during error reporting (printing stack bounds), id 0xc0000005]

Native frames: (J=compiled Java code, j=interpreted, Vv=VM code, C=native code)


Current CompileTask:
C2:   3893 1446   !   4       java.net.URLClassLoader$1::run (63 bytes)


---------------  P R O C E S S  ---------------

Java Threads: ( => current thread )
  0x000000001a649800 JavaThread "Cache worker for journal cache (C:\Users\Sai Phanindra\.gradle\caches\journal-1)" [_thread_blocked, id=4520, stack(0x000000001fda0000,0x000000001fea0000)]
  0x000000001a647000 JavaThread "File lock request listener" [_thread_in_native, id=8656, stack(0x000000001fca0000,0x000000001fda0000)]
  0x000000001b409000 JavaThread "Cache worker for file hash cache (C:\Users\Sai Phanindra\.gradle\caches\5.4.1\fileHashes)" [_thread_blocked, id=2536, stack(0x000000001fba0000,0x000000001fca0000)]
  0x000000001a7c7800 JavaThread "Thread-9" [_thread_blocked, id=972, stack(0x000000001faa0000,0x000000001fba0000)]
  0x000000001ae0b800 JavaThread "Stdin handler" [_thread_blocked, id=5716, stack(0x000000001f9a0000,0x000000001faa0000)]
  0x000000001b26e000 JavaThread "Asynchronous log dispatcher for DefaultDaemonConnection: socket connection from /127.0.0.1:50897 to /127.0.0.1:50898" [_thread_blocked, id=10436, stack(0x000000001f7a0000,0x000000001f8a0000)]
  0x000000001be28000 JavaThread "Daemon worker" [_thread_in_vm, id=7860, stack(0x000000001f6a0000,0x000000001f7a0000)]
  0x000000001c4a0000 JavaThread "Cancel handler" [_thread_blocked, id=4436, stack(0x000000001f5a0000,0x000000001f6a0000)]
  0x000000001a882000 JavaThread "Handler for socket connection from /127.0.0.1:50897 to /127.0.0.1:50898" [_thread_in_native, id=6848, stack(0x000000001f2a0000,0x000000001f3a0000)]
  0x000000001885e000 JavaThread "Daemon" [_thread_blocked, id=10132, stack(0x000000001f1a0000,0x000000001f2a0000)]
  0x000000001b589800 JavaThread "Daemon periodic checks" [_thread_blocked, id=8244, stack(0x000000001f0a0000,0x000000001f1a0000)]
  0x000000001a245800 JavaThread "Incoming local TCP Connector on port 50897" [_thread_in_native, id=1896, stack(0x000000001dbf0000,0x000000001dcf0000)]
  0x000000001b9ac000 JavaThread "Daemon health stats" [_thread_blocked, id=7848, stack(0x000000001dd20000,0x000000001de20000)]
  0x0000000018924000 JavaThread "Service Thread" daemon [_thread_blocked, id=7300, stack(0x0000000019f80000,0x000000001a080000)]
  0x0000000018899800 JavaThread "C1 CompilerThread3" daemon [_thread_blocked, id=128, stack(0x0000000019e80000,0x0000000019f80000)]
=>0x000000001888d800 JavaThread "C2 CompilerThread2" daemon [_thread_in_native, id=10296, stack(0x0000000019d80000,0x0000000019e80000)]
  0x0000000018882800 JavaThread "C2 CompilerThread1" daemon [_thread_in_native, id=13544, stack(0x0000000019c80000,0x0000000019d80000)]
  0x0000000018874800 JavaThread "C2 CompilerThread0" daemon [_thread_in_native, id=7972, stack(0x0000000019b80000,0x0000000019c80000)]
  0x0000000018873800 JavaThread "Attach Listener" daemon [_thread_blocked, id=5256, stack(0x0000000019a80000,0x0000000019b80000)]
  0x0000000018872800 JavaThread "Signal Dispatcher" daemon [_thread_blocked, id=5404, stack(0x0000000019980000,0x0000000019a80000)]
  0x0000000018834800 JavaThread "Finalizer" daemon [_thread_blocked, id=12812, stack(0x0000000019780000,0x0000000019880000)]
  0x00000000174ae800 JavaThread "Reference Handler" daemon [_thread_blocked, id=9056, stack(0x0000000019680000,0x0000000019780000)]
  0x00000000035e6000 JavaThread "main" [_thread_blocked, id=12940, stack(0x00000000034e0000,0x00000000035e0000)]

Other Threads:
  0x00000000174a0000 VMThread [stack: 0x0000000019580000,0x0000000019680000] [id=8488]
  0x0000000018925000 WatcherThread [stack: 0x000000001a080000,0x000000001a180000] [id=1588]

VM state:not at safepoint (normal execution)

VM Mutex/Monitor currently owned by a thread: None

heap address: 0x00000000a0000000, size: 1536 MB, Compressed Oops mode: 32-bit
Narrow klass base: 0x0000000000000000, Narrow klass shift: 3
Compressed class space size: 1073741824 Address: 0x0000000100000000

Heap:
 PSYoungGen      total 37888K, used 5986K [0x00000000e0000000, 0x00000000e2a00000, 0x0000000100000000)
  eden space 32768K, 2% used [0x00000000e0000000,0x00000000e00dca28,0x00000000e2000000)
  from space 5120K, 99% used [0x00000000e2500000,0x00000000e29fc010,0x00000000e2a00000)
  to   space 5120K, 0% used [0x00000000e2000000,0x00000000e2000000,0x00000000e2500000)
 ParOldGen       total 86016K, used 4736K [0x00000000a0000000, 0x00000000a5400000, 0x00000000e0000000)
  object space 86016K, 5% used [0x00000000a0000000,0x00000000a04a01e0,0x00000000a5400000)
 Metaspace       used 15687K, capacity 16112K, committed 16256K, reserved 1062912K
  class space    used 2242K, capacity 2392K, committed 2432K, reserved 1048576K

Card table byte_map: [0x0000000012aa0000,0x0000000012db0000] byte_map_base: 0x00000000125a0000

Marking Bits: (ParMarkBitMap*) 0x000000005ec09f30
 Begin Bits: [0x00000000137b0000, 0x0000000014fb0000)
 End Bits:   [0x0000000014fb0000, 0x00000000167b0000)

Polling page: 0x00000000015e0000

CodeCache: size=245760Kb used=5238Kb max_used=5247Kb free=240521Kb
 bounds [0x00000000036e0000, 0x0000000003c10000, 0x00000000126e0000]
 total_blobs=1902 nmethods=1513 adapters=302
 compilation: enabled

Compilation events (10 events):
Event: 3.838 Thread 0x0000000018899800 1511       3       org.gradle.internal.service.DefaultServiceRegistry::access$1200 (6 bytes)
Event: 3.838 Thread 0x0000000018899800 nmethod 1511 0x0000000003bfc350 code [0x0000000003bfc4c0, 0x0000000003bfc628]
Event: 3.857 Thread 0x0000000018882800 nmethod 1505% 0x0000000003c004d0 code [0x0000000003c006a0, 0x0000000003c01878]
Event: 3.860 Thread 0x0000000018882800 1512  s    4       java.lang.StringBuffer::toString (36 bytes)
Event: 3.869 Thread 0x0000000018882800 nmethod 1512 0x0000000003bfca50 code [0x0000000003bfcba0, 0x0000000003bfd138]
Event: 3.884 Thread 0x0000000018882800 1513       4       java.lang.ref.ReferenceQueue::reallyPoll (65 bytes)
Event: 3.886 Thread 0x0000000018899800 1515   !   3       java.util.zip.Inflater::end (50 bytes)
Event: 3.886 Thread 0x0000000018882800 nmethod 1513 0x0000000003bfc6d0 code [0x0000000003bfc800, 0x0000000003bfc938]
Event: 3.886 Thread 0x0000000018882800 1514   !   4       java.util.zip.InflaterInputStream::read (138 bytes)
Event: 3.886 Thread 0x0000000018899800 nmethod 1515 0x0000000003bffc90 code [0x0000000003bffe20, 0x0000000003c002a8]

GC Heap History (8 events):
Event: 1.009 GC heap before
{Heap before GC invocations=1 (full 0):
 PSYoungGen      total 37888K, used 32768K [0x00000000e0000000, 0x00000000e2a00000, 0x0000000100000000)
  eden space 32768K, 100% used [0x00000000e0000000,0x00000000e2000000,0x00000000e2000000)
  from space 5120K, 0% used [0x00000000e2500000,0x00000000e2500000,0x00000000e2a00000)
  to   space 5120K, 0% used [0x00000000e2000000,0x00000000e2000000,0x00000000e2500000)
 ParOldGen       total 86016K, used 0K [0x00000000a0000000, 0x00000000a5400000, 0x00000000e0000000)
  object space 86016K, 0% used [0x00000000a0000000,0x00000000a0000000,0x00000000a5400000)
 Metaspace       used 6965K, capacity 7184K, committed 7424K, reserved 1056768K
  class space    used 850K, capacity 908K, committed 1024K, reserved 1048576K
Event: 1.015 GC heap after
Heap after GC invocations=1 (full 0):
 PSYoungGen      total 37888K, used 4308K [0x00000000e0000000, 0x00000000e2a00000, 0x0000000100000000)
  eden space 32768K, 0% used [0x00000000e0000000,0x00000000e0000000,0x00000000e2000000)
  from space 5120K, 84% used [0x00000000e2000000,0x00000000e2435260,0x00000000e2500000)
  to   space 5120K, 0% used [0x00000000e2500000,0x00000000e2500000,0x00000000e2a00000)
 ParOldGen       total 86016K, used 8K [0x00000000a0000000, 0x00000000a5400000, 0x00000000e0000000)
  object space 86016K, 0% used [0x00000000a0000000,0x00000000a0002000,0x00000000a5400000)
 Metaspace       used 6965K, capacity 7184K, committed 7424K, reserved 1056768K
  class space    used 850K, capacity 908K, committed 1024K, reserved 1048576K
}
Event: 1.685 GC heap before
{Heap before GC invocations=2 (full 0):
 PSYoungGen      total 37888K, used 37076K [0x00000000e0000000, 0x00000000e2a00000, 0x0000000100000000)
  eden space 32768K, 100% used [0x00000000e0000000,0x00000000e2000000,0x00000000e2000000)
  from space 5120K, 84% used [0x00000000e2000000,0x00000000e2435260,0x00000000e2500000)
  to   space 5120K, 0% used [0x00000000e2500000,0x00000000e2500000,0x00000000e2a00000)
 ParOldGen       total 86016K, used 8K [0x00000000a0000000, 0x00000000a5400000, 0x00000000e0000000)
  object space 86016K, 0% used [0x00000000a0000000,0x00000000a0002000,0x00000000a5400000)
 Metaspace       used 8232K, capacity 8490K, committed 8576K, reserved 1056768K
  class space    used 1046K, capacity 1109K, committed 1152K, reserved 1048576K
Event: 1.690 GC heap after
Heap after GC invocations=2 (full 0):
 PSYoungGen      total 37888K, used 4189K [0x00000000e0000000, 0x00000000e2a00000, 0x0000000100000000)
  eden space 32768K, 0% used [0x00000000e0000000,0x00000000e0000000,0x00000000e2000000)
  from space 5120K, 81% used [0x00000000e2500000,0x00000000e2917790,0x00000000e2a00000)
  to   space 5120K, 0% used [0x00000000e2000000,0x00000000e2000000,0x00000000e2500000)
 ParOldGen       total 86016K, used 16K [0x00000000a0000000, 0x00000000a5400000, 0x00000000e0000000)
  object space 86016K, 0% used [0x00000000a0000000,0x00000000a0004000,0x00000000a5400000)
 Metaspace       used 8232K, capacity 8490K, committed 8576K, reserved 1056768K
  class space    used 1046K, capacity 1109K, committed 1152K, reserved 1048576K
}
Event: 3.266 GC heap before
{Heap before GC invocations=3 (full 0):
 PSYoungGen      total 37888K, used 36957K [0x00000000e0000000, 0x00000000e2a00000, 0x0000000100000000)
  eden space 32768K, 100% used [0x00000000e0000000,0x00000000e2000000,0x00000000e2000000)
  from space 5120K, 81% used [0x00000000e2500000,0x00000000e2917790,0x00000000e2a00000)
  to   space 5120K, 0% used [0x00000000e2000000,0x00000000e2000000,0x00000000e2500000)
 ParOldGen       total 86016K, used 16K [0x00000000a0000000, 0x00000000a5400000, 0x00000000e0000000)
  object space 86016K, 0% used [0x00000000a0000000,0x00000000a0004000,0x00000000a5400000)
 Metaspace       used 12896K, capacity 13306K, committed 13440K, reserved 1060864K
  class space    used 1776K, capacity 1899K, committed 1920K, reserved 1048576K
Event: 3.273 GC heap after
Heap after GC invocations=3 (full 0):
 PSYoungGen      total 37888K, used 5107K [0x00000000e0000000, 0x00000000e2a00000, 0x0000000100000000)
  eden space 32768K, 0% used [0x00000000e0000000,0x00000000e0000000,0x00000000e2000000)
  from space 5120K, 99% used [0x00000000e2000000,0x00000000e24fce08,0x00000000e2500000)
  to   space 5120K, 0% used [0x00000000e2500000,0x00000000e2500000,0x00000000e2a00000)
 ParOldGen       total 86016K, used 1628K [0x00000000a0000000, 0x00000000a5400000, 0x00000000e0000000)
  object space 86016K, 1% used [0x00000000a0000000,0x00000000a01972b0,0x00000000a5400000)
 Metaspace       used 12896K, capacity 13306K, committed 13440K, reserved 1060864K
  class space    used 1776K, capacity 1899K, committed 1920K, reserved 1048576K
}
Event: 3.873 GC heap before
{Heap before GC invocations=4 (full 0):
 PSYoungGen      total 37888K, used 37875K [0x00000000e0000000, 0x00000000e2a00000, 0x0000000100000000)
  eden space 32768K, 100% used [0x00000000e0000000,0x00000000e2000000,0x00000000e2000000)
  from space 5120K, 99% used [0x00000000e2000000,0x00000000e24fce08,0x00000000e2500000)
  to   space 5120K, 0% used [0x00000000e2500000,0x00000000e2500000,0x00000000e2a00000)
 ParOldGen       total 86016K, used 1628K [0x00000000a0000000, 0x00000000a5400000, 0x00000000e0000000)
  object space 86016K, 1% used [0x00000000a0000000,0x00000000a01972b0,0x00000000a5400000)
 Metaspace       used 15640K, capacity 16112K, committed 16256K, reserved 1062912K
  class space    used 2234K, capacity 2392K, committed 2432K, reserved 1048576K
Event: 3.883 GC heap after
Heap after GC invocations=4 (full 0):
 PSYoungGen      total 37888K, used 5104K [0x00000000e0000000, 0x00000000e2a00000, 0x0000000100000000)
  eden space 32768K, 0% used [0x00000000e0000000,0x00000000e0000000,0x00000000e2000000)
  from space 5120K, 99% used [0x00000000e2500000,0x00000000e29fc010,0x00000000e2a00000)
  to   space 5120K, 0% used [0x00000000e2000000,0x00000000e2000000,0x00000000e2500000)
 ParOldGen       total 86016K, used 4736K [0x00000000a0000000, 0x00000000a5400000, 0x00000000e0000000)
  object space 86016K, 5% used [0x00000000a0000000,0x00000000a04a01e0,0x00000000a5400000)
 Metaspace       used 15640K, capacity 16112K, committed 16256K, reserved 1062912K
  class space    used 2234K, capacity 2392K, committed 2432K, reserved 1048576K
}

Deoptimization events (10 events):
Event: 2.227 Thread 0x00000000035e6000 Uncommon trap: reason=unstable_if action=reinterpret pc=0x0000000003a30e8c method=java.io.WinNTFileSystem.normalize(Ljava/lang/String;II)Ljava/lang/String; @ 90
Event: 2.994 Thread 0x000000001a882000 Uncommon trap: reason=unstable_if action=reinterpret pc=0x0000000003ab3ff0 method=java.util.concurrent.ConcurrentHashMap.putVal(Ljava/lang/Object;Ljava/lang/Object;Z)Ljava/lang/Object; @ 206
Event: 3.071 Thread 0x000000001be28000 Uncommon trap: reason=bimorphic action=maybe_recompile pc=0x000000000398f98c method=java.util.HashMap.putVal(ILjava/lang/Object;Ljava/lang/Object;ZZ)Ljava/lang/Object; @ 253
Event: 3.071 Thread 0x000000001be28000 Uncommon trap: reason=bimorphic action=maybe_recompile pc=0x000000000398f98c method=java.util.HashMap.putVal(ILjava/lang/Object;Ljava/lang/Object;ZZ)Ljava/lang/Object; @ 253
Event: 3.071 Thread 0x000000001be28000 Uncommon trap: reason=bimorphic action=maybe_recompile pc=0x000000000398f98c method=java.util.HashMap.putVal(ILjava/lang/Object;Ljava/lang/Object;ZZ)Ljava/lang/Object; @ 253
Event: 3.316 Thread 0x000000001be28000 Uncommon trap: reason=class_check action=maybe_recompile pc=0x00000000039d4518 method=java.util.regex.Matcher.match(II)Z @ 86
Event: 3.333 Thread 0x000000001be28000 Uncommon trap: reason=class_check action=maybe_recompile pc=0x00000000039d4518 method=java.util.regex.Matcher.match(II)Z @ 86
Event: 3.333 Thread 0x000000001be28000 Uncommon trap: reason=class_check action=maybe_recompile pc=0x00000000039d4518 method=java.util.regex.Matcher.match(II)Z @ 86
Event: 3.334 Thread 0x000000001be28000 Uncommon trap: reason=class_check action=maybe_recompile pc=0x0000000003995e9c method=java.util.regex.Matcher.match(II)Z @ 86
Event: 3.697 Thread 0x000000001be28000 Uncommon trap: reason=unstable_if action=reinterpret pc=0x0000000003aad4f4 method=java.lang.String.lastIndexOf([CII[CIII)I @ 66

Classes redefined (0 events):
No events

Internal exceptions (10 events):
Event: 2.998 Thread 0x000000001a882000 Exception <a 'java/lang/NoSuchMethodError': <clinit>> (0x00000000e0d188a0) thrown at [D:\src\AOSP-openjdk-cygwin\jdk8u\hotspot\src\share\vm\prims\jni.cpp, line 1614]
Event: 3.002 Thread 0x000000001a882000 Exception <a 'java/lang/NoSuchMethodError': <clinit>> (0x00000000e0d2ba98) thrown at [D:\src\AOSP-openjdk-cygwin\jdk8u\hotspot\src\share\vm\prims\jni.cpp, line 1614]
Event: 3.005 Thread 0x000000001a882000 Exception <a 'java/lang/NoSuchMethodError': <clinit>> (0x00000000e0d52f38) thrown at [D:\src\AOSP-openjdk-cygwin\jdk8u\hotspot\src\share\vm\prims\jni.cpp, line 1614]
Event: 3.007 Thread 0x000000001a882000 Exception <a 'java/lang/NoSuchMethodError': <clinit>> (0x00000000e0d6b060) thrown at [D:\src\AOSP-openjdk-cygwin\jdk8u\hotspot\src\share\vm\prims\jni.cpp, line 1614]
Event: 3.008 Thread 0x000000001a882000 Exception <a 'java/lang/NoSuchMethodError': <clinit>> (0x00000000e0d73cf0) thrown at [D:\src\AOSP-openjdk-cygwin\jdk8u\hotspot\src\share\vm\prims\jni.cpp, line 1614]
Event: 3.011 Thread 0x000000001a882000 Exception <a 'java/lang/NoSuchMethodError': <clinit>> (0x00000000e0d8a3a0) thrown at [D:\src\AOSP-openjdk-cygwin\jdk8u\hotspot\src\share\vm\prims\jni.cpp, line 1614]
Event: 3.020 Thread 0x000000001a882000 Exception <a 'java/lang/NoSuchMethodError': <clinit>> (0x00000000e0de8628) thrown at [D:\src\AOSP-openjdk-cygwin\jdk8u\hotspot\src\share\vm\prims\jni.cpp, line 1614]
Event: 3.026 Thread 0x000000001a882000 Exception <a 'java/lang/NoSuchMethodError': <clinit>> (0x00000000e0e152f0) thrown at [D:\src\AOSP-openjdk-cygwin\jdk8u\hotspot\src\share\vm\prims\jni.cpp, line 1614]
Event: 3.032 Thread 0x000000001a882000 Exception <a 'java/lang/NoSuchMethodError': <clinit>> (0x00000000e0e433a8) thrown at [D:\src\AOSP-openjdk-cygwin\jdk8u\hotspot\src\share\vm\prims\jni.cpp, line 1614]
Event: 3.033 Thread 0x000000001a882000 Exception <a 'java/lang/NoSuchMethodError': <clinit>> (0x00000000e0e4e7b0) thrown at [D:\src\AOSP-openjdk-cygwin\jdk8u\hotspot\src\share\vm\prims\jni.cpp, line 1614]

Events (10 events):
Event: 3.872 loading class org/gradle/plugin/use/resolve/internal/PluginResolution
Event: 3.872 loading class org/gradle/plugin/use/resolve/internal/PluginResolution done
Event: 3.873 Executing VM operation: ParallelGCFailedAllocation
Event: 3.883 Executing VM operation: ParallelGCFailedAllocation done
Event: 3.884 loading class org/gradle/api/internal/initialization/DefaultClassLoaderScope
Event: 3.884 loading class org/gradle/api/internal/initialization/DefaultClassLoaderScope done
Event: 3.886 loading class org/gradle/api/internal/artifacts/ivyservice/ivyresolve/strategy/DefaultVersionComparator
Event: 3.886 loading class org/gradle/api/internal/artifacts/ivyservice/ivyresolve/strategy/DefaultVersionComparator done
Event: 3.887 loading class org/gradle/api/internal/artifacts/ivyservice/ivyresolve/strategy/StaticVersionComparator
Event: 3.887 loading class org/gradle/api/internal/artifacts/ivyservice/ivyresolve/strategy/StaticVersionComparator done


Dynamic libraries:
0x00007ff739870000 - 0x00007ff7398a1000 	C:\Program Files\Android\Android Studio\jre\bin\java.exe
0x00007ffbe08c0000 - 0x00007ffbe0ab0000 	C:\WINDOWS\SYSTEM32\ntdll.dll
0x00007ffbdeba0000 - 0x00007ffbdec52000 	C:\WINDOWS\System32\KERNEL32.DLL
0x00007ffbde6c0000 - 0x00007ffbde963000 	C:\WINDOWS\System32\KERNELBASE.dll
0x00007ffbdb170000 - 0x00007ffbdb1ff000 	C:\WINDOWS\SYSTEM32\apphelp.dll
0x00007ffb94be0000 - 0x00007ffb95072000 	C:\WINDOWS\SYSTEM32\AcLayers.DLL
0x00007ffbdf280000 - 0x00007ffbdf31e000 	C:\WINDOWS\System32\msvcrt.dll
0x00007ffbdf860000 - 0x00007ffbdf9f4000 	C:\WINDOWS\System32\USER32.dll
0x00007ffbddd30000 - 0x00007ffbddd51000 	C:\WINDOWS\System32\win32u.dll
0x00007ffbdf350000 - 0x00007ffbdf376000 	C:\WINDOWS\System32\GDI32.dll
0x00007ffbdda10000 - 0x00007ffbddba4000 	C:\WINDOWS\System32\gdi32full.dll
0x00007ffbddc90000 - 0x00007ffbddd2e000 	C:\WINDOWS\System32\msvcp_win.dll
0x00007ffbddd60000 - 0x00007ffbdde5a000 	C:\WINDOWS\System32\ucrtbase.dll
0x00007ffbdfbf0000 - 0x00007ffbdfc42000 	C:\WINDOWS\System32\SHLWAPI.dll
0x00007ffbdec60000 - 0x00007ffbdef96000 	C:\WINDOWS\System32\combase.dll
0x00007ffbdfa00000 - 0x00007ffbdfb20000 	C:\WINDOWS\System32\RPCRT4.dll
0x00007ffbde640000 - 0x00007ffbde6c0000 	C:\WINDOWS\System32\bcryptPrimitives.dll
0x00007ffbdefa0000 - 0x00007ffbdf043000 	C:\WINDOWS\System32\ADVAPI32.dll
0x00007ffbdf7c0000 - 0x00007ffbdf857000 	C:\WINDOWS\System32\sechost.dll
0x0000000000f80000 - 0x0000000000f83000 	C:\WINDOWS\SYSTEM32\sfc.dll
0x00007ffbd2990000 - 0x00007ffbd2a19000 	C:\WINDOWS\SYSTEM32\WINSPOOL.DRV
0x00007ffbdd7a0000 - 0x00007ffbdd7b1000 	C:\WINDOWS\System32\kernel.appcore.dll
0x00007ffbddc60000 - 0x00007ffbddc86000 	C:\WINDOWS\System32\bcrypt.dll
0x00007ffbdb5a0000 - 0x00007ffbdb68f000 	C:\WINDOWS\SYSTEM32\PROPSYS.dll
0x00007ffbe07b0000 - 0x00007ffbe0874000 	C:\WINDOWS\System32\OLEAUT32.dll
0x00007ffbdf380000 - 0x00007ffbdf429000 	C:\WINDOWS\System32\shcore.dll
0x00007ffbdccb0000 - 0x00007ffbdccea000 	C:\WINDOWS\SYSTEM32\IPHLPAPI.DLL
0x00007ffbd7230000 - 0x00007ffbd7241000 	C:\WINDOWS\SYSTEM32\sfc_os.DLL
0x00007ffbbb250000 - 0x00007ffbbb261000 	C:\WINDOWS\SYSTEM32\SortWindows61.dll
0x00007ffbdeb60000 - 0x00007ffbdeb8e000 	C:\WINDOWS\System32\IMM32.DLL
0x00007ffbd2510000 - 0x00007ffbd2795000 	C:\WINDOWS\WinSxS\amd64_microsoft.windows.common-controls_6595b64144ccf1df_6.0.18362.592_none_e6c0b1911312be02\COMCTL32.dll
0x000000005e280000 - 0x000000005e352000 	C:\Program Files\Android\Android Studio\jre\jre\bin\msvcr100.dll
0x000000005e440000 - 0x000000005ec86000 	C:\Program Files\Android\Android Studio\jre\jre\bin\server\jvm.dll
0x00007ffbdf4b0000 - 0x00007ffbdf4b8000 	C:\WINDOWS\System32\PSAPI.DLL
0x00007ffbcbee0000 - 0x00007ffbcbee9000 	C:\WINDOWS\SYSTEM32\WSOCK32.dll
0x00007ffbdafb0000 - 0x00007ffbdafd4000 	C:\WINDOWS\SYSTEM32\WINMM.dll
0x00007ffbdf4c0000 - 0x00007ffbdf52f000 	C:\WINDOWS\System32\WS2_32.dll
0x00007ffbd2a20000 - 0x00007ffbd2a2a000 	C:\WINDOWS\SYSTEM32\VERSION.dll
0x00007ffbd9ff0000 - 0x00007ffbda01d000 	C:\WINDOWS\SYSTEM32\WINMMBASE.dll
0x00007ffbdd850000 - 0x00007ffbdd89a000 	C:\WINDOWS\System32\cfgmgr32.dll
0x00007ffbc2b50000 - 0x00007ffbc2b5f000 	C:\Program Files\Android\Android Studio\jre\jre\bin\verify.dll
0x00007ffbbb220000 - 0x00007ffbbb249000 	C:\Program Files\Android\Android Studio\jre\jre\bin\java.dll
0x00007ffbbb200000 - 0x00007ffbbb216000 	C:\Program Files\Android\Android Studio\jre\jre\bin\zip.dll
0x00007ffbe00c0000 - 0x00007ffbe07a5000 	C:\WINDOWS\System32\SHELL32.dll
0x00007ffbdde60000 - 0x00007ffbde5df000 	C:\WINDOWS\System32\windows.storage.dll
0x00007ffbdd7e0000 - 0x00007ffbdd7ff000 	C:\WINDOWS\System32\profapi.dll
0x00007ffbdd800000 - 0x00007ffbdd84a000 	C:\WINDOWS\System32\powrprof.dll
0x00007ffbdd790000 - 0x00007ffbdd7a0000 	C:\WINDOWS\System32\UMPDC.dll
0x00007ffbdd8a0000 - 0x00007ffbdd8b7000 	C:\WINDOWS\System32\cryptsp.dll
0x00007ffbbaa30000 - 0x00007ffbbaa4a000 	C:\Program Files\Android\Android Studio\jre\jre\bin\net.dll
0x00007ffbdcfa0000 - 0x00007ffbdd007000 	C:\WINDOWS\system32\mswsock.dll
0x00007ffbbaa10000 - 0x00007ffbbaa21000 	C:\Program Files\Android\Android Studio\jre\jre\bin\nio.dll
0x00007ffbd6260000 - 0x00007ffbd6286000 	C:\Users\Sai Phanindra\.gradle\native\29\windows-amd64\native-platform.dll
0x00007ffbbfdd0000 - 0x00007ffbbfddd000 	C:\Program Files\Android\Android Studio\jre\jre\bin\management.dll
0x00007ffbdcb10000 - 0x00007ffbdcb43000 	C:\WINDOWS\system32\rsaenh.dll
0x00007ffbdd680000 - 0x00007ffbdd6a5000 	C:\WINDOWS\SYSTEM32\USERENV.dll
0x00007ffbdd170000 - 0x00007ffbdd17c000 	C:\WINDOWS\SYSTEM32\CRYPTBASE.dll
0x00007ffbdeb90000 - 0x00007ffbdeb98000 	C:\WINDOWS\System32\NSI.dll
0x00007ffbd6ad0000 - 0x00007ffbd6ae6000 	C:\WINDOWS\SYSTEM32\dhcpcsvc6.DLL
0x00007ffbd6fa0000 - 0x00007ffbd6fbc000 	C:\WINDOWS\SYSTEM32\dhcpcsvc.DLL
0x00007ffbdccf0000 - 0x00007ffbdcdba000 	C:\WINDOWS\SYSTEM32\DNSAPI.dll

VM Arguments:
jvm_args: -Xmx1536m -Dfile.encoding=windows-1252 -Duser.country=IN -Duser.language=en -Duser.variant 
java_command: org.gradle.launcher.daemon.bootstrap.GradleDaemon 5.4.1
java_class_path (initial): C:\Users\Sai Phanindra\.gradle\wrapper\dists\gradle-5.4.1-all\3221gyojl5jsh0helicew7rwx\gradle-5.4.1\lib\gradle-launcher-5.4.1.jar
Launcher Type: SUN_STANDARD

Environment Variables:
JAVA_HOME=C:\Program Files\Java\jdk-13.0.1
PATH=C:\WINDOWS\system32;C:\WINDOWS;C:\WINDOWS\System32\Wbem;C:\WINDOWS\System32\WindowsPowerShell\v1.0\;C:\WINDOWS\System32\OpenSSH\;C:\Program Files (x86)\Intel\Intel(R) Management Engine Components\DAL;C:\Program Files\Intel\Intel(R) Management Engine Components\DAL;C:\Users\Sai Phanindra\AppData\Local\Programs\Python\Python37\Scripts;C:\Program Files\Java\jdk-13.0.1\bin;C:\Users\Sai Phanindra\AppData\Local\Programs\Python\Python37\Scripts\;C:\Users\Sai Phanindra\AppData\Local\Programs\Python\Python37\;C:\Users\Sai Phanindra\AppData\Local\Microsoft\WindowsApps;C:\Users\Sai Phanindra\AppData\Local\GitHubDesktop\bin;C:\Users\Sai Phanindra\AppData\Local\Programs\Microsoft VS Code\bin;C:\Users\Sai Phanindra\AppData\Local\Microsoft\WindowsApps;
USERNAME=Sai Phanindra
OS=Windows_NT
PROCESSOR_IDENTIFIER=Intel64 Family 6 Model 142 Stepping 10, GenuineIntel



---------------  S Y S T E M  ---------------

OS: Windows 10.0 , 64 bit Build 18362 (10.0.18362.329)

CPU:total 8 (initial active 8) (4 cores per cpu, 2 threads per core) family 6 model 142 stepping 10, cmov, cx8, fxsr, mmx, sse, sse2, sse3, ssse3, sse4.1, sse4.2, popcnt, avx, avx2, aes, clmul, erms, 3dnowpref, lzcnt, ht, tsc, tscinvbit, bmi1, bmi2, adx

Memory: 4k page, physical 8250512k(484352k free), swap 33416336k(5296k free)

vm_info: OpenJDK 64-Bit Server VM (25.202-b03) for windows-amd64 JRE (1.8.0_202-release-1483-b03), built by "builder" with MS VC++ 10.0 (VS2010)

time: Sun Jan 26 20:41:08 2020
timezone: India Standard Time
elapsed time: 3 seconds (0d 0h 0m 3s)

